c:\users\valued user\documents\kdu\june 2020\game engine\delta_time\delta_time\debug\vc142.pdb
c:\users\valued user\documents\kdu\june 2020\game engine\delta_time\delta_time\debug\vc142.idb
c:\users\valued user\documents\kdu\june 2020\game engine\delta_time\delta_time\debug\main.obj
c:\users\valued user\documents\kdu\june 2020\game engine\delta_time\delta_time\debug\application.obj
c:\users\valued user\documents\kdu\june 2020\game engine\delta_time\debug\delta_time.pdb
c:\users\valued user\documents\kdu\june 2020\game engine\delta_time\delta_time\debug\delta_time.tlog\cl.command.1.tlog
c:\users\valued user\documents\kdu\june 2020\game engine\delta_time\delta_time\debug\delta_time.tlog\cl.read.1.tlog
c:\users\valued user\documents\kdu\june 2020\game engine\delta_time\delta_time\debug\delta_time.tlog\cl.write.1.tlog
c:\users\valued user\documents\kdu\june 2020\game engine\delta_time\delta_time\debug\delta_time.tlog\link-cvtres.read.1.tlog
c:\users\valued user\documents\kdu\june 2020\game engine\delta_time\delta_time\debug\delta_time.tlog\link-cvtres.write.1.tlog
c:\users\valued user\documents\kdu\june 2020\game engine\delta_time\delta_time\debug\delta_time.tlog\link-rc.read.1.tlog
c:\users\valued user\documents\kdu\june 2020\game engine\delta_time\delta_time\debug\delta_time.tlog\link-rc.write.1.tlog
c:\users\valued user\documents\kdu\june 2020\game engine\delta_time\delta_time\debug\delta_time.tlog\link.16732-cvtres.read.1.tlog
c:\users\valued user\documents\kdu\june 2020\game engine\delta_time\delta_time\debug\delta_time.tlog\link.16732-cvtres.write.1.tlog
c:\users\valued user\documents\kdu\june 2020\game engine\delta_time\delta_time\debug\delta_time.tlog\link.16732-rc.read.1.tlog
c:\users\valued user\documents\kdu\june 2020\game engine\delta_time\delta_time\debug\delta_time.tlog\link.16732-rc.write.1.tlog
c:\users\valued user\documents\kdu\june 2020\game engine\delta_time\delta_time\debug\delta_time.tlog\link.16732.read.1.tlog
c:\users\valued user\documents\kdu\june 2020\game engine\delta_time\delta_time\debug\delta_time.tlog\link.16732.write.1.tlog
c:\users\valued user\documents\kdu\june 2020\game engine\delta_time\delta_time\debug\delta_time.tlog\link.command.1.tlog
c:\users\valued user\documents\kdu\june 2020\game engine\delta_time\delta_time\debug\delta_time.tlog\link.read.1.tlog
c:\users\valued user\documents\kdu\june 2020\game engine\delta_time\delta_time\debug\delta_time.tlog\link.write.1.tlog
